<?xml version="1.0" encoding="UTF-8"?>
<!-- Generated by org.testng.reporters.JUnitXMLReporter -->
<testsuite hostname="DESKTOP-6UIHJ6U" ignored="0" name="sanity" tests="5" failures="0" timestamp="08 Jan 2020 03:15:46 GMT" time="0.083" errors="0">
  <testcase name="m1" time="0.01" classname="tdd.Test1"/>
  <testcase name="m1" time="0.002" classname="tdd.Test1"/>
  <testcase name="m1" time="0.0" classname="tdd.Test1"/>
  <testcase name="m1" time="0.003" classname="tdd.Test1"/>
  <testcase name="m1" time="0.003" classname="tdd.Test1"/>
</testsuite> <!-- sanity -->
