<?xml version="1.0" encoding="UTF-8"?>
<!-- Generated by org.testng.reporters.JUnitXMLReporter -->
<testsuite hostname="DESKTOP-6UIHJ6U" ignored="3" name="test1" tests="2" failures="0" timestamp="10 Jan 2020 03:29:16 GMT" time="0.108" errors="0">
  <testcase name="test1" time="0.015" classname="tdd.GroupingEx"/>
  <testcase name="test3" time="0.041" classname="tdd.GroupingEx"/>
  <testcase name="test5" time="0.0" classname="tdd.GroupingEx">
    <ignored/>
  </testcase> <!-- test5 -->
  <testcase name="test2" time="0.0" classname="tdd.GroupingEx">
    <ignored/>
  </testcase> <!-- test2 -->
  <testcase name="test4" time="0.0" classname="tdd.GroupingEx">
    <ignored/>
  </testcase> <!-- test4 -->
</testsuite> <!-- test1 -->
